2021-07-26 15:37:41,698 [ModalContext] INFO  o.e.m.c.i.e.AbstractTransferListenerAdapter - Downloading https://repo.maven.apache.org/maven2/org/apache/maven/archetypes/maven-archetype-quickstart/1.1/maven-archetype-quickstart-1.1.jar
2021-07-26 15:37:41,919 [ModalContext] INFO  o.e.m.c.i.e.AbstractTransferListenerAdapter - Downloaded https://repo.maven.apache.org/maven2/org/apache/maven/archetypes/maven-archetype-quickstart/1.1/maven-archetype-quickstart-1.1.jar
2021-07-26 15:37:42,126 [ModalContext] INFO  o.e.m.c.i.e.AbstractTransferListenerAdapter - Downloading https://repo.maven.apache.org/maven2/org/apache/maven/archetypes/maven-archetype-quickstart/1.1/maven-archetype-quickstart-1.1.pom
2021-07-26 15:37:42,318 [ModalContext] INFO  o.e.m.c.i.e.AbstractTransferListenerAdapter - Downloaded https://repo.maven.apache.org/maven2/org/apache/maven/archetypes/maven-archetype-quickstart/1.1/maven-archetype-quickstart-1.1.pom
2021-07-26 15:38:17,320 [Worker-6] INFO  o.e.m.c.i.e.AbstractTransferListenerAdapter - Downloaded https://artifactory-new.pru.intranet.asia:8443/artifactory/maven-release/org/apache/maven/plugins/maven-clean-plugin/2.5/maven-clean-plugin-2.5.jar
2021-07-26 15:38:17,328 [Worker-6] INFO  o.e.m.c.i.e.AbstractTransferListenerAdapter - Downloaded https://artifactory-new.pru.intranet.asia:8443/artifactory/maven-rt-interconnect/org/apache/maven/plugins/maven-clean-plugin/2.5/maven-clean-plugin-2.5.jar
2021-07-26 15:38:17,338 [Worker-6] INFO  o.e.m.c.i.e.AbstractTransferListenerAdapter - Downloaded https://artifactory-new.pru.intranet.asia:8443/artifactory/maven-release/org/apache/maven/plugins/maven-resources-plugin/2.6/maven-resources-plugin-2.6.jar
2021-07-26 15:38:17,342 [Worker-6] INFO  o.e.m.c.i.e.AbstractTransferListenerAdapter - Downloaded https://artifactory-new.pru.intranet.asia:8443/artifactory/maven-rt-interconnect/org/apache/maven/plugins/maven-resources-plugin/2.6/maven-resources-plugin-2.6.jar
2021-07-26 15:38:17,349 [Worker-6] INFO  o.e.m.c.i.e.AbstractTransferListenerAdapter - Downloaded https://artifactory-new.pru.intranet.asia:8443/artifactory/maven-release/org/apache/maven/plugins/maven-compiler-plugin/3.1/maven-compiler-plugin-3.1.jar
2021-07-26 15:38:17,354 [Worker-6] INFO  o.e.m.c.i.e.AbstractTransferListenerAdapter - Downloaded https://artifactory-new.pru.intranet.asia:8443/artifactory/maven-rt-interconnect/org/apache/maven/plugins/maven-compiler-plugin/3.1/maven-compiler-plugin-3.1.jar
2021-07-26 15:38:17,373 [Worker-6] INFO  o.e.m.c.i.e.AbstractTransferListenerAdapter - Downloaded https://artifactory-new.pru.intranet.asia:8443/artifactory/maven-release/org/apache/maven/plugins/maven-surefire-plugin/2.12.4/maven-surefire-plugin-2.12.4.jar
2021-07-26 15:38:17,378 [Worker-6] INFO  o.e.m.c.i.e.AbstractTransferListenerAdapter - Downloaded https://artifactory-new.pru.intranet.asia:8443/artifactory/maven-rt-interconnect/org/apache/maven/plugins/maven-surefire-plugin/2.12.4/maven-surefire-plugin-2.12.4.jar
2021-07-26 15:38:17,385 [Worker-6] INFO  o.e.m.c.i.e.AbstractTransferListenerAdapter - Downloaded https://artifactory-new.pru.intranet.asia:8443/artifactory/maven-release/org/apache/maven/plugins/maven-jar-plugin/2.4/maven-jar-plugin-2.4.jar
2021-07-26 15:38:17,389 [Worker-6] INFO  o.e.m.c.i.e.AbstractTransferListenerAdapter - Downloaded https://artifactory-new.pru.intranet.asia:8443/artifactory/maven-rt-interconnect/org/apache/maven/plugins/maven-jar-plugin/2.4/maven-jar-plugin-2.4.jar
2021-07-26 15:38:17,396 [Worker-6] INFO  o.e.m.c.i.e.AbstractTransferListenerAdapter - Downloaded https://artifactory-new.pru.intranet.asia:8443/artifactory/maven-release/org/apache/maven/plugins/maven-install-plugin/2.4/maven-install-plugin-2.4.jar
2021-07-26 15:38:17,401 [Worker-6] INFO  o.e.m.c.i.e.AbstractTransferListenerAdapter - Downloaded https://artifactory-new.pru.intranet.asia:8443/artifactory/maven-rt-interconnect/org/apache/maven/plugins/maven-install-plugin/2.4/maven-install-plugin-2.4.jar
2021-07-26 15:38:17,407 [Worker-6] INFO  o.e.m.c.i.e.AbstractTransferListenerAdapter - Downloaded https://artifactory-new.pru.intranet.asia:8443/artifactory/maven-release/org/apache/maven/plugins/maven-deploy-plugin/2.7/maven-deploy-plugin-2.7.jar
2021-07-26 15:38:17,412 [Worker-6] INFO  o.e.m.c.i.e.AbstractTransferListenerAdapter - Downloaded https://artifactory-new.pru.intranet.asia:8443/artifactory/maven-rt-interconnect/org/apache/maven/plugins/maven-deploy-plugin/2.7/maven-deploy-plugin-2.7.jar
2021-07-26 15:38:17,420 [Worker-6] INFO  o.e.m.c.i.e.AbstractTransferListenerAdapter - Downloaded https://artifactory-new.pru.intranet.asia:8443/artifactory/maven-release/org/apache/maven/plugins/maven-site-plugin/3.3/maven-site-plugin-3.3.jar
2021-07-26 15:38:17,424 [Worker-6] INFO  o.e.m.c.i.e.AbstractTransferListenerAdapter - Downloaded https://artifactory-new.pru.intranet.asia:8443/artifactory/maven-rt-interconnect/org/apache/maven/plugins/maven-site-plugin/3.3/maven-site-plugin-3.3.jar
2021-07-26 15:38:17,435 [Worker-6] INFO  o.e.m.c.i.e.AbstractTransferListenerAdapter - Downloaded https://artifactory-new.pru.intranet.asia:8443/artifactory/maven-release/org/apache/maven/plugins/maven-compiler-plugin/3.1/maven-compiler-plugin-3.1.pom
2021-07-26 15:38:17,440 [Worker-6] INFO  o.e.m.c.i.e.AbstractTransferListenerAdapter - Downloaded https://artifactory-new.pru.intranet.asia:8443/artifactory/maven-rt-interconnect/org/apache/maven/plugins/maven-compiler-plugin/3.1/maven-compiler-plugin-3.1.pom
2021-07-26 15:38:17,468 [Worker-6] INFO  o.e.m.c.i.l.LifecycleMappingFactory - Using org.eclipse.m2e.jdt.JarLifecycleMapping lifecycle mapping for MavenProject: com.prudential.platform.compute.flink:flink-core:1.0.0-dev @ C:\Users\musa.shaikh\Documents\Pulse\platform\pom.xml.
2021-07-26 15:38:17,519 [Worker-6] INFO  o.e.m.c.i.e.AbstractTransferListenerAdapter - Downloaded https://artifactory-new.pru.intranet.asia:8443/artifactory/maven-release/org/apache/flink/flink-java/1.6.0/flink-java-1.6.0.pom
2021-07-26 15:38:17,524 [Worker-6] INFO  o.e.m.c.i.e.AbstractTransferListenerAdapter - Downloaded https://artifactory-new.pru.intranet.asia:8443/artifactory/maven-rt-interconnect/org/apache/flink/flink-java/1.6.0/flink-java-1.6.0.pom
2021-07-26 15:38:17,529 [Worker-6] INFO  o.e.m.c.i.e.AbstractTransferListenerAdapter - Downloaded https://artifactory-new.pru.intranet.asia:8443/artifactory/maven-release/org/apache/flink/flink-streaming-java_2.11/1.6.0/flink-streaming-java_2.11-1.6.0.pom
2021-07-26 15:38:17,532 [Worker-6] INFO  o.e.m.c.i.e.AbstractTransferListenerAdapter - Downloaded https://artifactory-new.pru.intranet.asia:8443/artifactory/maven-rt-interconnect/org/apache/flink/flink-streaming-java_2.11/1.6.0/flink-streaming-java_2.11-1.6.0.pom
2021-07-26 15:38:17,536 [Worker-6] INFO  o.e.m.c.i.e.AbstractTransferListenerAdapter - Downloaded https://artifactory-new.pru.intranet.asia:8443/artifactory/maven-release/org/apache/flink/flink-clients_2.11/1.6.0/flink-clients_2.11-1.6.0.pom
2021-07-26 15:38:17,539 [Worker-6] INFO  o.e.m.c.i.e.AbstractTransferListenerAdapter - Downloaded https://artifactory-new.pru.intranet.asia:8443/artifactory/maven-rt-interconnect/org/apache/flink/flink-clients_2.11/1.6.0/flink-clients_2.11-1.6.0.pom
2021-07-26 15:38:17,543 [Worker-6] INFO  o.e.m.c.i.e.AbstractTransferListenerAdapter - Downloaded https://artifactory-new.pru.intranet.asia:8443/artifactory/maven-release/org/apache/flink/flink-table_2.11/1.6.0/flink-table_2.11-1.6.0.pom
2021-07-26 15:38:17,546 [Worker-6] INFO  o.e.m.c.i.e.AbstractTransferListenerAdapter - Downloaded https://artifactory-new.pru.intranet.asia:8443/artifactory/maven-rt-interconnect/org/apache/flink/flink-table_2.11/1.6.0/flink-table_2.11-1.6.0.pom
2021-07-26 15:38:17,550 [Worker-6] INFO  o.e.m.c.i.e.AbstractTransferListenerAdapter - Downloaded https://artifactory-new.pru.intranet.asia:8443/artifactory/maven-release/org/apache/flink/flink-streaming-scala_2.11/1.6.0/flink-streaming-scala_2.11-1.6.0.pom
2021-07-26 15:38:17,554 [Worker-6] INFO  o.e.m.c.i.e.AbstractTransferListenerAdapter - Downloaded https://artifactory-new.pru.intranet.asia:8443/artifactory/maven-rt-interconnect/org/apache/flink/flink-streaming-scala_2.11/1.6.0/flink-streaming-scala_2.11-1.6.0.pom
2021-07-26 15:38:17,557 [Worker-6] INFO  o.e.m.c.i.e.AbstractTransferListenerAdapter - Downloaded https://artifactory-new.pru.intranet.asia:8443/artifactory/maven-release/org/apache/flink/flink-json/1.6.0/flink-json-1.6.0.pom
2021-07-26 15:38:17,560 [Worker-6] INFO  o.e.m.c.i.e.AbstractTransferListenerAdapter - Downloaded https://artifactory-new.pru.intranet.asia:8443/artifactory/maven-rt-interconnect/org/apache/flink/flink-json/1.6.0/flink-json-1.6.0.pom
2021-07-26 15:38:17,564 [Worker-6] INFO  o.e.m.c.i.e.AbstractTransferListenerAdapter - Downloaded https://artifactory-new.pru.intranet.asia:8443/artifactory/maven-release/org/apache/flink/flink-connector-kafka-0.11_2.11/1.6.0/flink-connector-kafka-0.11_2.11-1.6.0.pom
2021-07-26 15:38:17,568 [Worker-6] INFO  o.e.m.c.i.e.AbstractTransferListenerAdapter - Downloaded https://artifactory-new.pru.intranet.asia:8443/artifactory/maven-rt-interconnect/org/apache/flink/flink-connector-kafka-0.11_2.11/1.6.0/flink-connector-kafka-0.11_2.11-1.6.0.pom
2021-07-26 15:38:17,572 [Worker-6] INFO  o.e.m.c.i.e.AbstractTransferListenerAdapter - Downloaded https://artifactory-new.pru.intranet.asia:8443/artifactory/maven-release/com/typesafe/akka/akka-actor_2.11/2.5.32/akka-actor_2.11-2.5.32.pom
2021-07-26 15:38:17,577 [Worker-6] INFO  o.e.m.c.i.e.AbstractTransferListenerAdapter - Downloaded https://artifactory-new.pru.intranet.asia:8443/artifactory/maven-rt-interconnect/com/typesafe/akka/akka-actor_2.11/2.5.32/akka-actor_2.11-2.5.32.pom
2021-07-26 15:38:17,581 [Worker-6] INFO  o.e.m.c.i.e.AbstractTransferListenerAdapter - Downloaded https://artifactory-new.pru.intranet.asia:8443/artifactory/maven-release/com/typesafe/akka/akka-remote_2.11/2.5.32/akka-remote_2.11-2.5.32.pom
2021-07-26 15:38:17,585 [Worker-6] INFO  o.e.m.c.i.e.AbstractTransferListenerAdapter - Downloaded https://artifactory-new.pru.intranet.asia:8443/artifactory/maven-rt-interconnect/com/typesafe/akka/akka-remote_2.11/2.5.32/akka-remote_2.11-2.5.32.pom
2021-07-26 15:38:17,589 [Worker-6] INFO  o.e.m.c.i.e.AbstractTransferListenerAdapter - Downloaded https://artifactory-new.pru.intranet.asia:8443/artifactory/maven-release/com/typesafe/akka/akka-cluster_2.11/2.5.32/akka-cluster_2.11-2.5.32.pom
2021-07-26 15:38:17,592 [Worker-6] INFO  o.e.m.c.i.e.AbstractTransferListenerAdapter - Downloaded https://artifactory-new.pru.intranet.asia:8443/artifactory/maven-rt-interconnect/com/typesafe/akka/akka-cluster_2.11/2.5.32/akka-cluster_2.11-2.5.32.pom
2021-07-26 15:38:17,597 [Worker-6] INFO  o.e.m.c.i.e.AbstractTransferListenerAdapter - Downloaded https://artifactory-new.pru.intranet.asia:8443/artifactory/maven-release/com/typesafe/akka/akka-cluster-tools_2.11/2.5.32/akka-cluster-tools_2.11-2.5.32.pom
2021-07-26 15:38:17,601 [Worker-6] INFO  o.e.m.c.i.e.AbstractTransferListenerAdapter - Downloaded https://artifactory-new.pru.intranet.asia:8443/artifactory/maven-rt-interconnect/com/typesafe/akka/akka-cluster-tools_2.11/2.5.32/akka-cluster-tools_2.11-2.5.32.pom
2021-07-26 15:38:17,605 [Worker-6] INFO  o.e.m.c.i.e.AbstractTransferListenerAdapter - Downloaded https://artifactory-new.pru.intranet.asia:8443/artifactory/maven-release/org/apache/kafka/kafka_2.11/0.11.0.2/kafka_2.11-0.11.0.2.pom
2021-07-26 15:38:17,608 [Worker-6] INFO  o.e.m.c.i.e.AbstractTransferListenerAdapter - Downloaded https://artifactory-new.pru.intranet.asia:8443/artifactory/maven-rt-interconnect/org/apache/kafka/kafka_2.11/0.11.0.2/kafka_2.11-0.11.0.2.pom
2021-07-26 15:38:17,616 [Worker-6] INFO  o.e.m.c.i.e.AbstractTransferListenerAdapter - Downloaded https://artifactory-new.pru.intranet.asia:8443/artifactory/maven-release/com/101tec/zkclient/0.10/zkclient-0.10.pom
2021-07-26 15:38:17,619 [Worker-6] INFO  o.e.m.c.i.e.AbstractTransferListenerAdapter - Downloaded https://artifactory-new.pru.intranet.asia:8443/artifactory/maven-rt-interconnect/com/101tec/zkclient/0.10/zkclient-0.10.pom
2021-07-26 15:38:17,623 [Worker-6] INFO  o.e.m.c.i.e.AbstractTransferListenerAdapter - Downloaded https://artifactory-new.pru.intranet.asia:8443/artifactory/maven-release/org/apache/flink/flink-avro/1.6.0/flink-avro-1.6.0.pom
2021-07-26 15:38:17,627 [Worker-6] INFO  o.e.m.c.i.e.AbstractTransferListenerAdapter - Downloaded https://artifactory-new.pru.intranet.asia:8443/artifactory/maven-rt-interconnect/org/apache/flink/flink-avro/1.6.0/flink-avro-1.6.0.pom
2021-07-26 15:38:17,631 [Worker-6] INFO  o.e.m.c.i.e.AbstractTransferListenerAdapter - Downloaded https://artifactory-new.pru.intranet.asia:8443/artifactory/maven-release/org/rocksdb/rocksdbjni/6.15.2/rocksdbjni-6.15.2.pom
2021-07-26 15:38:17,634 [Worker-6] INFO  o.e.m.c.i.e.AbstractTransferListenerAdapter - Downloaded https://artifactory-new.pru.intranet.asia:8443/artifactory/maven-rt-interconnect/org/rocksdb/rocksdbjni/6.15.2/rocksdbjni-6.15.2.pom
2021-07-26 15:38:17,644 [Worker-6] INFO  o.e.m.c.i.e.AbstractTransferListenerAdapter - Downloaded https://artifactory-new.pru.intranet.asia:8443/artifactory/maven-release/org/apache/curator/curator-framework/2.12.0/curator-framework-2.12.0.pom
2021-07-26 15:38:17,649 [Worker-6] INFO  o.e.m.c.i.e.AbstractTransferListenerAdapter - Downloaded https://artifactory-new.pru.intranet.asia:8443/artifactory/maven-rt-interconnect/org/apache/curator/curator-framework/2.12.0/curator-framework-2.12.0.pom
2021-07-26 15:38:17,653 [Worker-6] INFO  o.e.m.c.i.e.AbstractTransferListenerAdapter - Downloaded https://artifactory-new.pru.intranet.asia:8443/artifactory/maven-release/com/jayway/jsonpath/json-path/2.4.0/json-path-2.4.0.pom
2021-07-26 15:38:17,656 [Worker-6] INFO  o.e.m.c.i.e.AbstractTransferListenerAdapter - Downloaded https://artifactory-new.pru.intranet.asia:8443/artifactory/maven-rt-interconnect/com/jayway/jsonpath/json-path/2.4.0/json-path-2.4.0.pom
2021-07-26 15:38:17,659 [Worker-6] INFO  o.e.m.c.i.e.AbstractTransferListenerAdapter - Downloaded https://artifactory-new.pru.intranet.asia:8443/artifactory/maven-release/io/vertx/vertx-core/3.5.3/vertx-core-3.5.3.pom
2021-07-26 15:38:17,663 [Worker-6] INFO  o.e.m.c.i.e.AbstractTransferListenerAdapter - Downloaded https://artifactory-new.pru.intranet.asia:8443/artifactory/maven-rt-interconnect/io/vertx/vertx-core/3.5.3/vertx-core-3.5.3.pom
2021-07-26 15:38:17,666 [Worker-6] INFO  o.e.m.c.i.e.AbstractTransferListenerAdapter - Downloaded https://artifactory-new.pru.intranet.asia:8443/artifactory/maven-release/io/vertx/vertx-web/3.5.3/vertx-web-3.5.3.pom
2021-07-26 15:38:17,669 [Worker-6] INFO  o.e.m.c.i.e.AbstractTransferListenerAdapter - Downloaded https://artifactory-new.pru.intranet.asia:8443/artifactory/maven-rt-interconnect/io/vertx/vertx-web/3.5.3/vertx-web-3.5.3.pom
2021-07-26 15:38:17,673 [Worker-6] INFO  o.e.m.c.i.e.AbstractTransferListenerAdapter - Downloaded https://artifactory-new.pru.intranet.asia:8443/artifactory/maven-release/io/vertx/vertx-zookeeper/3.5.3/vertx-zookeeper-3.5.3.pom
2021-07-26 15:38:17,676 [Worker-6] INFO  o.e.m.c.i.e.AbstractTransferListenerAdapter - Downloaded https://artifactory-new.pru.intranet.asia:8443/artifactory/maven-rt-interconnect/io/vertx/vertx-zookeeper/3.5.3/vertx-zookeeper-3.5.3.pom
2021-07-26 15:38:17,681 [Worker-6] INFO  o.e.m.c.i.e.AbstractTransferListenerAdapter - Downloaded https://artifactory-new.pru.intranet.asia:8443/artifactory/maven-release/io/vertx/vertx-auth-jwt/3.5.3/vertx-auth-jwt-3.5.3.pom
2021-07-26 15:38:17,684 [Worker-6] INFO  o.e.m.c.i.e.AbstractTransferListenerAdapter - Downloaded https://artifactory-new.pru.intranet.asia:8443/artifactory/maven-rt-interconnect/io/vertx/vertx-auth-jwt/3.5.3/vertx-auth-jwt-3.5.3.pom
2021-07-26 15:38:17,687 [Worker-6] INFO  o.e.m.c.i.e.AbstractTransferListenerAdapter - Downloaded https://artifactory-new.pru.intranet.asia:8443/artifactory/maven-release/io/vertx/vertx-web-client/3.5.3/vertx-web-client-3.5.3.pom
2021-07-26 15:38:17,690 [Worker-6] INFO  o.e.m.c.i.e.AbstractTransferListenerAdapter - Downloaded https://artifactory-new.pru.intranet.asia:8443/artifactory/maven-rt-interconnect/io/vertx/vertx-web-client/3.5.3/vertx-web-client-3.5.3.pom
2021-07-26 15:38:17,694 [Worker-6] INFO  o.e.m.c.i.e.AbstractTransferListenerAdapter - Downloaded https://artifactory-new.pru.intranet.asia:8443/artifactory/maven-release/io/vertx/vertx-codegen/3.5.3/vertx-codegen-3.5.3.pom
2021-07-26 15:38:17,697 [Worker-6] INFO  o.e.m.c.i.e.AbstractTransferListenerAdapter - Downloaded https://artifactory-new.pru.intranet.asia:8443/artifactory/maven-rt-interconnect/io/vertx/vertx-codegen/3.5.3/vertx-codegen-3.5.3.pom
2021-07-26 15:38:17,701 [Worker-6] INFO  o.e.m.c.i.e.AbstractTransferListenerAdapter - Downloaded https://artifactory-new.pru.intranet.asia:8443/artifactory/maven-release/io/vertx/vertx-micrometer-metrics/3.5.3/vertx-micrometer-metrics-3.5.3.pom
2021-07-26 15:38:17,704 [Worker-6] INFO  o.e.m.c.i.e.AbstractTransferListenerAdapter - Downloaded https://artifactory-new.pru.intranet.asia:8443/artifactory/maven-rt-interconnect/io/vertx/vertx-micrometer-metrics/3.5.3/vertx-micrometer-metrics-3.5.3.pom
2021-07-26 15:38:17,708 [Worker-6] INFO  o.e.m.c.i.e.AbstractTransferListenerAdapter - Downloaded https://artifactory-new.pru.intranet.asia:8443/artifactory/maven-release/io/micrometer/micrometer-registry-prometheus/1.3.0/micrometer-registry-prometheus-1.3.0.pom
2021-07-26 15:38:17,713 [Worker-6] INFO  o.e.m.c.i.e.AbstractTransferListenerAdapter - Downloaded https://artifactory-new.pru.intranet.asia:8443/artifactory/maven-rt-interconnect/io/micrometer/micrometer-registry-prometheus/1.3.0/micrometer-registry-prometheus-1.3.0.pom
2021-07-26 15:38:17,716 [Worker-6] INFO  o.e.m.c.i.e.AbstractTransferListenerAdapter - Downloaded https://artifactory-new.pru.intranet.asia:8443/artifactory/maven-release/io/micrometer/micrometer-registry-jmx/1.3.0/micrometer-registry-jmx-1.3.0.pom
2021-07-26 15:38:17,719 [Worker-6] INFO  o.e.m.c.i.e.AbstractTransferListenerAdapter - Downloaded https://artifactory-new.pru.intranet.asia:8443/artifactory/maven-rt-interconnect/io/micrometer/micrometer-registry-jmx/1.3.0/micrometer-registry-jmx-1.3.0.pom
2021-07-26 15:38:17,723 [Worker-6] INFO  o.e.m.c.i.e.AbstractTransferListenerAdapter - Downloaded https://artifactory-new.pru.intranet.asia:8443/artifactory/maven-release/org/camunda/bpm/model/camunda-bpmn-model/7.9.0/camunda-bpmn-model-7.9.0.pom
2021-07-26 15:38:17,726 [Worker-6] INFO  o.e.m.c.i.e.AbstractTransferListenerAdapter - Downloaded https://artifactory-new.pru.intranet.asia:8443/artifactory/maven-rt-interconnect/org/camunda/bpm/model/camunda-bpmn-model/7.9.0/camunda-bpmn-model-7.9.0.pom
2021-07-26 15:38:17,731 [Worker-6] INFO  o.e.m.c.i.e.AbstractTransferListenerAdapter - Downloaded https://artifactory-new.pru.intranet.asia:8443/artifactory/maven-release/io/swagger/parser/v3/swagger-parser/2.0.7/swagger-parser-2.0.7.pom
2021-07-26 15:38:17,734 [Worker-6] INFO  o.e.m.c.i.e.AbstractTransferListenerAdapter - Downloaded https://artifactory-new.pru.intranet.asia:8443/artifactory/maven-rt-interconnect/io/swagger/parser/v3/swagger-parser/2.0.7/swagger-parser-2.0.7.pom
2021-07-26 15:38:17,737 [Worker-6] INFO  o.e.m.c.i.e.AbstractTransferListenerAdapter - Downloaded https://artifactory-new.pru.intranet.asia:8443/artifactory/maven-release/com/couchbase/client/java-client/2.7.12/java-client-2.7.12.pom
2021-07-26 15:38:17,740 [Worker-6] INFO  o.e.m.c.i.e.AbstractTransferListenerAdapter - Downloaded https://artifactory-new.pru.intranet.asia:8443/artifactory/maven-rt-interconnect/com/couchbase/client/java-client/2.7.12/java-client-2.7.12.pom
2021-07-26 15:38:17,745 [Worker-6] INFO  o.e.m.c.i.e.AbstractTransferListenerAdapter - Downloaded https://artifactory-new.pru.intranet.asia:8443/artifactory/maven-release/com/couchbase/client/dcp-client/0.24.0/dcp-client-0.24.0.pom
2021-07-26 15:38:17,749 [Worker-6] INFO  o.e.m.c.i.e.AbstractTransferListenerAdapter - Downloaded https://artifactory-new.pru.intranet.asia:8443/artifactory/maven-rt-interconnect/com/couchbase/client/dcp-client/0.24.0/dcp-client-0.24.0.pom
2021-07-26 15:38:17,752 [Worker-6] INFO  o.e.m.c.i.e.AbstractTransferListenerAdapter - Downloaded https://artifactory-new.pru.intranet.asia:8443/artifactory/maven-release/org/apache/camel/camel-core/2.22.1/camel-core-2.22.1.pom
2021-07-26 15:38:17,756 [Worker-6] INFO  o.e.m.c.i.e.AbstractTransferListenerAdapter - Downloaded https://artifactory-new.pru.intranet.asia:8443/artifactory/maven-rt-interconnect/org/apache/camel/camel-core/2.22.1/camel-core-2.22.1.pom
2021-07-26 15:38:17,781 [Worker-6] INFO  o.e.m.c.i.e.AbstractTransferListenerAdapter - Downloaded https://artifactory-new.pru.intranet.asia:8443/artifactory/maven-release/com/google/code/gson/gson/2.8.5/gson-2.8.5.pom
2021-07-26 15:38:17,783 [Worker-6] INFO  o.e.m.c.i.e.AbstractTransferListenerAdapter - Downloaded https://artifactory-new.pru.intranet.asia:8443/artifactory/maven-rt-interconnect/com/google/code/gson/gson/2.8.5/gson-2.8.5.pom
2021-07-26 15:38:17,787 [Worker-6] INFO  o.e.m.c.i.e.AbstractTransferListenerAdapter - Downloaded https://artifactory-new.pru.intranet.asia:8443/artifactory/maven-release/net/tascalate/javaflow/net.tascalate.javaflow.api/2.6.1/net.tascalate.javaflow.api-2.6.1.pom
2021-07-26 15:38:17,790 [Worker-6] INFO  o.e.m.c.i.e.AbstractTransferListenerAdapter - Downloaded https://artifactory-new.pru.intranet.asia:8443/artifactory/maven-rt-interconnect/net/tascalate/javaflow/net.tascalate.javaflow.api/2.6.1/net.tascalate.javaflow.api-2.6.1.pom
2021-07-26 15:38:17,793 [Worker-6] INFO  o.e.m.c.i.e.AbstractTransferListenerAdapter - Downloaded https://artifactory-new.pru.intranet.asia:8443/artifactory/maven-release/com/google/api-client/google-api-client/1.27.0/google-api-client-1.27.0.pom
2021-07-26 15:38:17,796 [Worker-6] INFO  o.e.m.c.i.e.AbstractTransferListenerAdapter - Downloaded https://artifactory-new.pru.intranet.asia:8443/artifactory/maven-rt-interconnect/com/google/api-client/google-api-client/1.27.0/google-api-client-1.27.0.pom
2021-07-26 15:38:17,800 [Worker-6] INFO  o.e.m.c.i.e.AbstractTransferListenerAdapter - Downloaded https://artifactory-new.pru.intranet.asia:8443/artifactory/maven-release/commons-codec/commons-codec/1.10/commons-codec-1.10.pom
2021-07-26 15:38:17,802 [Worker-6] INFO  o.e.m.c.i.e.AbstractTransferListenerAdapter - Downloaded https://artifactory-new.pru.intranet.asia:8443/artifactory/maven-rt-interconnect/commons-codec/commons-codec/1.10/commons-codec-1.10.pom
2021-07-26 15:38:17,805 [Worker-6] INFO  o.e.m.c.i.e.AbstractTransferListenerAdapter - Downloaded https://artifactory-new.pru.intranet.asia:8443/artifactory/maven-release/org/freemarker/freemarker/2.3.28/freemarker-2.3.28.pom
2021-07-26 15:38:17,807 [Worker-6] INFO  o.e.m.c.i.e.AbstractTransferListenerAdapter - Downloaded https://artifactory-new.pru.intranet.asia:8443/artifactory/maven-rt-interconnect/org/freemarker/freemarker/2.3.28/freemarker-2.3.28.pom
2021-07-26 15:38:17,812 [Worker-6] INFO  o.e.m.c.i.e.AbstractTransferListenerAdapter - Downloaded https://artifactory-new.pru.intranet.asia:8443/artifactory/maven-release/com/sun/mail/javax.mail/1.5.5/javax.mail-1.5.5.pom
2021-07-26 15:38:17,815 [Worker-6] INFO  o.e.m.c.i.e.AbstractTransferListenerAdapter - Downloaded https://artifactory-new.pru.intranet.asia:8443/artifactory/maven-rt-interconnect/com/sun/mail/javax.mail/1.5.5/javax.mail-1.5.5.pom
2021-07-26 15:38:17,819 [Worker-6] INFO  o.e.m.c.i.e.AbstractTransferListenerAdapter - Downloaded https://artifactory-new.pru.intranet.asia:8443/artifactory/maven-release/io/jsonwebtoken/jjwt/0.9.1/jjwt-0.9.1.pom
2021-07-26 15:38:17,824 [Worker-6] INFO  o.e.m.c.i.e.AbstractTransferListenerAdapter - Downloaded https://artifactory-new.pru.intranet.asia:8443/artifactory/maven-rt-interconnect/io/jsonwebtoken/jjwt/0.9.1/jjwt-0.9.1.pom
2021-07-26 15:38:17,830 [Worker-6] INFO  o.e.m.c.i.e.AbstractTransferListenerAdapter - Downloaded https://artifactory-new.pru.intranet.asia:8443/artifactory/maven-release/com/fasterxml/jackson/dataformat/jackson-dataformat-yaml/2.9.1/jackson-dataformat-yaml-2.9.1.pom
2021-07-26 15:38:17,835 [Worker-6] INFO  o.e.m.c.i.e.AbstractTransferListenerAdapter - Downloaded https://artifactory-new.pru.intranet.asia:8443/artifactory/maven-rt-interconnect/com/fasterxml/jackson/dataformat/jackson-dataformat-yaml/2.9.1/jackson-dataformat-yaml-2.9.1.pom
2021-07-26 15:38:17,840 [Worker-6] INFO  o.e.m.c.i.e.AbstractTransferListenerAdapter - Downloaded https://artifactory-new.pru.intranet.asia:8443/artifactory/maven-release/org/quartz-scheduler/quartz/2.3.1/quartz-2.3.1.pom
2021-07-26 15:38:17,845 [Worker-6] INFO  o.e.m.c.i.e.AbstractTransferListenerAdapter - Downloaded https://artifactory-new.pru.intranet.asia:8443/artifactory/maven-rt-interconnect/org/quartz-scheduler/quartz/2.3.1/quartz-2.3.1.pom
2021-07-26 15:38:17,851 [Worker-6] INFO  o.e.m.c.i.e.AbstractTransferListenerAdapter - Downloaded https://artifactory-new.pru.intranet.asia:8443/artifactory/maven-release/io/github/classgraph/classgraph/4.8.24/classgraph-4.8.24.pom
2021-07-26 15:38:17,855 [Worker-6] INFO  o.e.m.c.i.e.AbstractTransferListenerAdapter - Downloaded https://artifactory-new.pru.intranet.asia:8443/artifactory/maven-rt-interconnect/io/github/classgraph/classgraph/4.8.24/classgraph-4.8.24.pom
2021-07-26 15:38:17,862 [Worker-6] INFO  o.e.m.c.i.e.AbstractTransferListenerAdapter - Downloaded https://artifactory-new.pru.intranet.asia:8443/artifactory/maven-release/de/odysseus/juel/juel-api/2.2.7/juel-api-2.2.7.pom
2021-07-26 15:38:17,866 [Worker-6] INFO  o.e.m.c.i.e.AbstractTransferListenerAdapter - Downloaded https://artifactory-new.pru.intranet.asia:8443/artifactory/maven-rt-interconnect/de/odysseus/juel/juel-api/2.2.7/juel-api-2.2.7.pom
2021-07-26 15:38:17,870 [Worker-6] INFO  o.e.m.c.i.e.AbstractTransferListenerAdapter - Downloaded https://artifactory-new.pru.intranet.asia:8443/artifactory/maven-release/de/odysseus/juel/juel-impl/2.2.7/juel-impl-2.2.7.pom
2021-07-26 15:38:17,874 [Worker-6] INFO  o.e.m.c.i.e.AbstractTransferListenerAdapter - Downloaded https://artifactory-new.pru.intranet.asia:8443/artifactory/maven-rt-interconnect/de/odysseus/juel/juel-impl/2.2.7/juel-impl-2.2.7.pom
2021-07-26 15:38:17,879 [Worker-6] INFO  o.e.m.c.i.e.AbstractTransferListenerAdapter - Downloaded https://artifactory-new.pru.intranet.asia:8443/artifactory/maven-release/org/apache/tika/tika-core/1.18/tika-core-1.18.pom
2021-07-26 15:38:17,883 [Worker-6] INFO  o.e.m.c.i.e.AbstractTransferListenerAdapter - Downloaded https://artifactory-new.pru.intranet.asia:8443/artifactory/maven-rt-interconnect/org/apache/tika/tika-core/1.18/tika-core-1.18.pom
2021-07-26 15:38:17,888 [Worker-6] INFO  o.e.m.c.i.e.AbstractTransferListenerAdapter - Downloaded https://artifactory-new.pru.intranet.asia:8443/artifactory/maven-release/org/apache/flink/flink-statebackend-rocksdb_2.11/1.6.0/flink-statebackend-rocksdb_2.11-1.6.0.pom
2021-07-26 15:38:17,891 [Worker-6] INFO  o.e.m.c.i.e.AbstractTransferListenerAdapter - Downloaded https://artifactory-new.pru.intranet.asia:8443/artifactory/maven-rt-interconnect/org/apache/flink/flink-statebackend-rocksdb_2.11/1.6.0/flink-statebackend-rocksdb_2.11-1.6.0.pom
2021-07-26 15:38:17,895 [Worker-6] INFO  o.e.m.c.i.e.AbstractTransferListenerAdapter - Downloaded https://artifactory-new.pru.intranet.asia:8443/artifactory/maven-release/org/apache/flink/flink-metrics-dropwizard/1.6.1/flink-metrics-dropwizard-1.6.1.pom
2021-07-26 15:38:17,899 [Worker-6] INFO  o.e.m.c.i.e.AbstractTransferListenerAdapter - Downloaded https://artifactory-new.pru.intranet.asia:8443/artifactory/maven-rt-interconnect/org/apache/flink/flink-metrics-dropwizard/1.6.1/flink-metrics-dropwizard-1.6.1.pom
2021-07-26 15:38:17,903 [Worker-6] INFO  o.e.m.c.i.e.AbstractTransferListenerAdapter - Downloaded https://artifactory-new.pru.intranet.asia:8443/artifactory/maven-release/io/dropwizard/metrics/metrics-core/4.0.6/metrics-core-4.0.6.pom
2021-07-26 15:38:17,906 [Worker-6] INFO  o.e.m.c.i.e.AbstractTransferListenerAdapter - Downloaded https://artifactory-new.pru.intranet.asia:8443/artifactory/maven-rt-interconnect/io/dropwizard/metrics/metrics-core/4.0.6/metrics-core-4.0.6.pom
2021-07-26 15:38:17,911 [Worker-6] INFO  o.e.m.c.i.e.AbstractTransferListenerAdapter - Downloaded https://artifactory-new.pru.intranet.asia:8443/artifactory/maven-release/io/prometheus/simpleclient_httpserver/0.10.0/simpleclient_httpserver-0.10.0.pom
2021-07-26 15:38:17,915 [Worker-6] INFO  o.e.m.c.i.e.AbstractTransferListenerAdapter - Downloaded https://artifactory-new.pru.intranet.asia:8443/artifactory/maven-rt-interconnect/io/prometheus/simpleclient_httpserver/0.10.0/simpleclient_httpserver-0.10.0.pom
2021-07-26 15:38:17,919 [Worker-6] INFO  o.e.m.c.i.e.AbstractTransferListenerAdapter - Downloaded https://artifactory-new.pru.intranet.asia:8443/artifactory/maven-release/com/graphql-java/graphql-java/13.0/graphql-java-13.0.pom
2021-07-26 15:38:17,922 [Worker-6] INFO  o.e.m.c.i.e.AbstractTransferListenerAdapter - Downloaded https://artifactory-new.pru.intranet.asia:8443/artifactory/maven-rt-interconnect/com/graphql-java/graphql-java/13.0/graphql-java-13.0.pom
2021-07-26 15:38:17,928 [Worker-6] INFO  o.e.m.c.i.e.AbstractTransferListenerAdapter - Downloaded https://artifactory-new.pru.intranet.asia:8443/artifactory/maven-release/net/java/dev/jna/jna/5.5.0/jna-5.5.0.pom
2021-07-26 15:38:17,932 [Worker-6] INFO  o.e.m.c.i.e.AbstractTransferListenerAdapter - Downloaded https://artifactory-new.pru.intranet.asia:8443/artifactory/maven-rt-interconnect/net/java/dev/jna/jna/5.5.0/jna-5.5.0.pom
2021-07-26 15:38:17,936 [Worker-6] INFO  o.e.m.c.i.e.AbstractTransferListenerAdapter - Downloaded https://artifactory-new.pru.intranet.asia:8443/artifactory/maven-release/org/apache/flink/flink-cep_2.11/1.6.0/flink-cep_2.11-1.6.0.pom
2021-07-26 15:38:17,939 [Worker-6] INFO  o.e.m.c.i.e.AbstractTransferListenerAdapter - Downloaded https://artifactory-new.pru.intranet.asia:8443/artifactory/maven-rt-interconnect/org/apache/flink/flink-cep_2.11/1.6.0/flink-cep_2.11-1.6.0.pom
2021-07-26 15:38:17,944 [Worker-6] INFO  o.e.m.c.i.e.AbstractTransferListenerAdapter - Downloaded https://artifactory-new.pru.intranet.asia:8443/artifactory/maven-release/com/eclipsesource/j2v8/j2v8_win32_x86_64/4.6.0/j2v8_win32_x86_64-4.6.0.pom
2021-07-26 15:38:17,949 [Worker-6] INFO  o.e.m.c.i.e.AbstractTransferListenerAdapter - Downloaded https://artifactory-new.pru.intranet.asia:8443/artifactory/maven-rt-interconnect/com/eclipsesource/j2v8/j2v8_win32_x86_64/4.6.0/j2v8_win32_x86_64-4.6.0.pom
2021-07-26 15:38:18,489 [Worker-6] INFO  o.e.m.c.i.e.AbstractTransferListenerAdapter - Downloaded https://artifactory-new.pru.intranet.asia:8443/artifactory/maven-release/org/apache/maven/plugins/maven-resources-plugin/2.6/maven-resources-plugin-2.6.pom
2021-07-26 15:38:18,492 [Worker-6] INFO  o.e.m.c.i.e.AbstractTransferListenerAdapter - Downloaded https://artifactory-new.pru.intranet.asia:8443/artifactory/maven-rt-interconnect/org/apache/maven/plugins/maven-resources-plugin/2.6/maven-resources-plugin-2.6.pom
2021-07-26 15:39:43,135 [Worker-3] INFO  o.e.m.c.i.l.LifecycleMappingFactory - Using org.eclipse.m2e.jdt.JarLifecycleMapping lifecycle mapping for MavenProject: com.prudential.platform.compute.flink:flink-core:1.0.0-dev @ C:\Users\musa.shaikh\Documents\Pulse\platform\pom.xml.
2021-07-26 15:42:37,633 [Worker-14] INFO  o.e.m.c.i.l.LifecycleMappingFactory - Using org.eclipse.m2e.jdt.JarLifecycleMapping lifecycle mapping for MavenProject: com.prudential.platform.compute.flink:flink-core:1.0.0-dev @ C:\Users\musa.shaikh\Documents\Pulse\platform\pom.xml.
2021-07-26 15:43:20,346 [Worker-14] INFO  o.e.m.c.i.l.LifecycleMappingFactory - Using org.eclipse.m2e.jdt.JarLifecycleMapping lifecycle mapping for MavenProject: com.prudential.platform.compute.flink:flink-core:1.0.0-dev @ C:\Users\musa.shaikh\Documents\Pulse\platform\pom.xml.
2021-07-26 15:47:05,301 [Worker-14] INFO  o.e.m.c.i.p.ProjectConfigurationManager - Update started
2021-07-26 15:47:05,431 [Worker-14] INFO  o.e.m.c.i.l.LifecycleMappingFactory - Using org.eclipse.m2e.jdt.JarLifecycleMapping lifecycle mapping for MavenProject: com.prudential.platform.compute.flink:flink-core:1.0.0-dev @ C:\Users\musa.shaikh\Documents\Pulse\platform\pom.xml.
2021-07-26 15:47:05,856 [Worker-14] INFO  o.e.m.c.i.p.ProjectConfigurationManager - Update completed: 0 sec
2021-07-26 15:51:06,300 [Worker-3] INFO  o.e.m.c.i.p.ProjectConfigurationManager - Update started
2021-07-26 15:51:06,425 [Worker-3] INFO  o.e.m.c.i.l.LifecycleMappingFactory - Using org.eclipse.m2e.jdt.JarLifecycleMapping lifecycle mapping for MavenProject: com.prudential.platform.compute.flink:flink-core:1.0.0-dev @ C:\Users\musa.shaikh\Documents\Pulse\platform\pom.xml.
2021-07-26 15:51:06,891 [Worker-3] INFO  o.e.m.c.i.p.ProjectConfigurationManager - Update completed: 0 sec
2021-07-26 16:00:24,270 [Worker-17] INFO  o.e.m.c.i.p.ProjectConfigurationManager - Update started
2021-07-26 16:00:24,388 [Worker-17] INFO  o.e.m.c.i.l.LifecycleMappingFactory - Using org.eclipse.m2e.jdt.JarLifecycleMapping lifecycle mapping for MavenProject: com.prudential.platform.compute.flink:flink-core:1.0.0-dev @ C:\Users\musa.shaikh\Documents\Pulse\platform\pom.xml.
2021-07-26 16:00:24,806 [Worker-17] INFO  o.e.m.c.i.p.ProjectConfigurationManager - Update completed: 0 sec
2021-07-26 16:25:49,308 [Worker-17] INFO  o.e.m.c.i.p.ProjectConfigurationManager - Update started
2021-07-26 16:25:49,425 [Worker-17] INFO  o.e.m.c.i.l.LifecycleMappingFactory - Using org.eclipse.m2e.jdt.JarLifecycleMapping lifecycle mapping for MavenProject: com.prudential.platform.compute.flink:flink-core:1.0.0-dev @ C:\Users\musa.shaikh\Documents\Pulse\platform\pom.xml.
2021-07-26 16:25:49,824 [Worker-17] INFO  o.e.m.c.i.p.ProjectConfigurationManager - Update completed: 0 sec
2021-07-29 18:40:56,965 [Worker-105] WARN  o.e.r.models.ModelRepository - Failed to download org.eclipse.recommenders:index::zip:0.0.0
org.eclipse.aether.resolution.ArtifactResolutionException: Could not find artifact org.eclipse.recommenders:index:zip:0.0.0-SNAPSHOT in models (http://download.eclipse.org/recommenders/models/neon/)
	at org.eclipse.aether.internal.impl.DefaultArtifactResolver.resolve(DefaultArtifactResolver.java:444) ~[na:na]
	at org.eclipse.aether.internal.impl.DefaultArtifactResolver.resolveArtifacts(DefaultArtifactResolver.java:246) ~[na:na]
	at org.eclipse.aether.internal.impl.DefaultArtifactResolver.resolveArtifact(DefaultArtifactResolver.java:223) ~[na:na]
	at org.eclipse.aether.internal.impl.DefaultRepositorySystem.resolveArtifact(DefaultRepositorySystem.java:294) ~[na:na]
	at org.eclipse.recommenders.models.ModelRepository.resolveInternal(ModelRepository.java:193) [org.eclipse.recommenders.models_2.4.6.v20170307-1041.jar:na]
	at org.eclipse.recommenders.models.ModelRepository.resolve(ModelRepository.java:172) [org.eclipse.recommenders.models_2.4.6.v20170307-1041.jar:na]
	at org.eclipse.recommenders.internal.models.rcp.EclipseModelRepository.resolve(EclipseModelRepository.java:169) [org.eclipse.recommenders.models.rcp_2.4.6.v20170307-1041.jar:na]
	at org.eclipse.recommenders.internal.models.rcp.DownloadModelArchiveJob.run(DownloadModelArchiveJob.java:76) [org.eclipse.recommenders.models.rcp_2.4.6.v20170307-1041.jar:na]
	at org.eclipse.core.internal.jobs.Worker.run(Worker.java:55) [org.eclipse.core.jobs_3.8.0.v20160509-0411.jar:na]
Caused by: org.eclipse.aether.transfer.ArtifactNotFoundException: Could not find artifact org.eclipse.recommenders:index:zip:0.0.0-SNAPSHOT in models (http://download.eclipse.org/recommenders/models/neon/)
	at org.eclipse.aether.connector.basic.ArtifactTransportListener.transferFailed(ArtifactTransportListener.java:39) ~[org.eclipse.aether.connector.basic_1.0.1.v20141111.jar:na]
	at org.eclipse.aether.connector.basic.BasicRepositoryConnector$TaskRunner.run(BasicRepositoryConnector.java:355) ~[org.eclipse.aether.connector.basic_1.0.1.v20141111.jar:na]
	at org.eclipse.aether.util.concurrency.RunnableErrorForwarder$1.run(RunnableErrorForwarder.java:67) ~[na:na]
	at org.eclipse.aether.connector.basic.BasicRepositoryConnector$DirectExecutor.execute(BasicRepositoryConnector.java:581) ~[org.eclipse.aether.connector.basic_1.0.1.v20141111.jar:na]
	at org.eclipse.aether.connector.basic.BasicRepositoryConnector.get(BasicRepositoryConnector.java:249) ~[org.eclipse.aether.connector.basic_1.0.1.v20141111.jar:na]
	at org.eclipse.aether.internal.impl.DefaultArtifactResolver.performDownloads(DefaultArtifactResolver.java:520) ~[na:na]
	at org.eclipse.aether.internal.impl.DefaultArtifactResolver.resolve(DefaultArtifactResolver.java:421) ~[na:na]
	... 8 common frames omitted
